<?xml version="1.0" encoding="UTF-8"?>
<testsuite xmlns:xsi="http://www.w3.org/2001/XMLSchema-instance" xsi:noNamespaceSchemaLocation="https://maven.apache.org/surefire/maven-surefire-plugin/xsd/surefire-test-report-3.0.xsd" version="3.0" name="com.sei.gamerknew.GamerknewApplicationTests" time="10.572" tests="1" errors="0" skipped="0" failures="0">
  <properties>
[...]
</properties>
  <testcase name="contextLoads" classname="com.sei.gamerknew.GamerknewApplicationTests" time="0.666">
    <system-out><![CDATA[23:34:51.583 [main] DEBUG org.springframework.test.context.BootstrapUtils - Instantiating CacheAwareContextLoaderDelegate from class [org.springframework.test.context.cache.DefaultCacheAwareContextLoaderDelegate]
23:34:51.607 [main] DEBUG org.springframework.test.context.BootstrapUtils - Instantiating BootstrapContext using constructor [public org.springframework.test.context.support.DefaultBootstrapContext(java.lang.Class,org.springframework.test.context.CacheAwareContextLoaderDelegate)]
23:34:51.674 [main] DEBUG org.springframework.test.context.BootstrapUtils - Instantiating TestContextBootstrapper for test class [com.sei.gamerknew.GamerknewApplicationTests] from class [org.springframework.boot.test.context.SpringBootTestContextBootstrapper]
23:34:51.701 [main] INFO org.springframework.boot.test.context.SpringBootTestContextBootstrapper - Neither @ContextConfiguration nor @ContextHierarchy found for test class [com.sei.gamerknew.GamerknewApplicationTests], using SpringBootContextLoader
23:34:51.710 [main] DEBUG org.springframework.test.context.support.AbstractContextLoader - Did not detect default resource location for test class [com.sei.gamerknew.GamerknewApplicationTests]: class path resource [com/sei/gamerknew/GamerknewApplicationTests-context.xml] does not exist
23:34:51.711 [main] DEBUG org.springframework.test.context.support.AbstractContextLoader - Did not detect default resource location for test class [com.sei.gamerknew.GamerknewApplicationTests]: class path resource [com/sei/gamerknew/GamerknewApplicationTestsContext.groovy] does not exist
23:34:51.711 [main] INFO org.springframework.test.context.support.AbstractContextLoader - Could not detect default resource locations for test class [com.sei.gamerknew.GamerknewApplicationTests]: no resource found for suffixes {-context.xml, Context.groovy}.
23:34:51.712 [main] INFO org.springframework.test.context.support.AnnotationConfigContextLoaderUtils - Could not detect default configuration classes for test class [com.sei.gamerknew.GamerknewApplicationTests]: GamerknewApplicationTests does not declare any static, non-private, non-final, nested classes annotated with @Configuration.
23:34:51.807 [main] DEBUG org.springframework.test.context.support.ActiveProfilesUtils - Could not find an 'annotation declaring class' for annotation type [org.springframework.test.context.ActiveProfiles] and class [com.sei.gamerknew.GamerknewApplicationTests]
23:34:51.970 [main] DEBUG org.springframework.context.annotation.ClassPathScanningCandidateComponentProvider - Identified candidate component class: file [/Users/makoto.choel/IdeaProjects/gamerknew/target/classes/com/sei/gamerknew/GamerknewApplication.class]
23:34:51.971 [main] INFO org.springframework.boot.test.context.SpringBootTestContextBootstrapper - Found @SpringBootConfiguration com.sei.gamerknew.GamerknewApplication for test class com.sei.gamerknew.GamerknewApplicationTests
23:34:52.180 [main] DEBUG org.springframework.boot.test.context.SpringBootTestContextBootstrapper - @TestExecutionListeners is not present for class [com.sei.gamerknew.GamerknewApplicationTests]: using defaults.
23:34:52.181 [main] INFO org.springframework.boot.test.context.SpringBootTestContextBootstrapper - Loaded default TestExecutionListener class names from location [META-INF/spring.factories]: [org.springframework.boot.test.mock.mockito.MockitoTestExecutionListener, org.springframework.boot.test.mock.mockito.ResetMocksTestExecutionListener, org.springframework.boot.test.autoconfigure.restdocs.RestDocsTestExecutionListener, org.springframework.boot.test.autoconfigure.web.client.MockRestServiceServerResetTestExecutionListener, org.springframework.boot.test.autoconfigure.web.servlet.MockMvcPrintOnlyOnFailureTestExecutionListener, org.springframework.boot.test.autoconfigure.web.servlet.WebDriverTestExecutionListener, org.springframework.boot.test.autoconfigure.webservices.client.MockWebServiceServerTestExecutionListener, org.springframework.test.context.web.ServletTestExecutionListener, org.springframework.test.context.support.DirtiesContextBeforeModesTestExecutionListener, org.springframework.test.context.event.ApplicationEventsTestExecutionListener, org.springframework.test.context.support.DependencyInjectionTestExecutionListener, org.springframework.test.context.support.DirtiesContextTestExecutionListener, org.springframework.test.context.transaction.TransactionalTestExecutionListener, org.springframework.test.context.jdbc.SqlScriptsTestExecutionListener, org.springframework.test.context.event.EventPublishingTestExecutionListener]
23:34:52.213 [main] INFO org.springframework.boot.test.context.SpringBootTestContextBootstrapper - Using TestExecutionListeners: [org.springframework.test.context.web.ServletTestExecutionListener@147e2ae7, org.springframework.test.context.support.DirtiesContextBeforeModesTestExecutionListener@448c8166, org.springframework.test.context.event.ApplicationEventsTestExecutionListener@4470fbd6, org.springframework.boot.test.mock.mockito.MockitoTestExecutionListener@15d49048, org.springframework.boot.test.autoconfigure.SpringBootDependencyInjectionTestExecutionListener@7098b907, org.springframework.test.context.support.DirtiesContextTestExecutionListener@503f91c3, org.springframework.test.context.transaction.TransactionalTestExecutionListener@13526e59, org.springframework.test.context.jdbc.SqlScriptsTestExecutionListener@2235eaab, org.springframework.test.context.event.EventPublishingTestExecutionListener@17503f6b, org.springframework.boot.test.mock.mockito.ResetMocksTestExecutionListener@3bcd05cb, org.springframework.boot.test.autoconfigure.restdocs.RestDocsTestExecutionListener@3b6d844d, org.springframework.boot.test.autoconfigure.web.client.MockRestServiceServerResetTestExecutionListener@36804139, org.springframework.boot.test.autoconfigure.web.servlet.MockMvcPrintOnlyOnFailureTestExecutionListener@20bd8be5, org.springframework.boot.test.autoconfigure.web.servlet.WebDriverTestExecutionListener@730d2164, org.springframework.boot.test.autoconfigure.webservices.client.MockWebServiceServerTestExecutionListener@24959ca4]
23:34:52.219 [main] DEBUG org.springframework.test.context.support.AbstractDirtiesContextTestExecutionListener - Before test class: context [DefaultTestContext@e3b3b2f testClass = GamerknewApplicationTests, testInstance = [null], testMethod = [null], testException = [null], mergedContextConfiguration = [WebMergedContextConfiguration@50f6ac94 testClass = GamerknewApplicationTests, locations = '{}', classes = '{class com.sei.gamerknew.GamerknewApplication}', contextInitializerClasses = '[]', activeProfiles = '{}', propertySourceLocations = '{}', propertySourceProperties = '{org.springframework.boot.test.context.SpringBootTestContextBootstrapper=true}', contextCustomizers = set[org.springframework.boot.test.context.filter.ExcludeFilterContextCustomizer@26794848, org.springframework.boot.test.json.DuplicateJsonObjectContextCustomizerFactory$DuplicateJsonObjectContextCustomizer@40005471, org.springframework.boot.test.mock.mockito.MockitoContextCustomizer@0, org.springframework.boot.test.web.client.TestRestTemplateContextCustomizer@fa4c865, org.springframework.boot.test.autoconfigure.actuate.metrics.MetricsExportContextCustomizerFactory$DisableMetricExportContextCustomizer@24313fcc, org.springframework.boot.test.autoconfigure.properties.PropertyMappingContextCustomizer@0, org.springframework.boot.test.autoconfigure.web.servlet.WebDriverContextCustomizerFactory$Customizer@6913c1fb, org.springframework.boot.test.context.SpringBootTestArgs@1, org.springframework.boot.test.context.SpringBootTestWebEnvironment@3a883ce7], resourceBasePath = 'src/main/webapp', contextLoader = 'org.springframework.boot.test.context.SpringBootContextLoader', parent = [null]], attributes = map['org.springframework.test.context.web.ServletTestExecutionListener.activateListener' -> true]], class annotated with @DirtiesContext [false] with mode [null].

  .   ____          _            __ _ _
 /\\ / ___'_ __ _ _(_)_ __  __ _ \ \ \ \
( ( )\___ | '_ | '_| | '_ \/ _` | \ \ \ \
 \\/  ___)| |_)| | | | | || (_| |  ) ) ) )
  '  |____| .__|_| |_|_| |_\__, | / / / /
 =========|_|==============|___/=/_/_/_/
 :: Spring Boot ::               (v2.6.13)

2024-01-17 23:34:52.816  INFO 81003 --- [           main] c.s.gamerknew.GamerknewApplicationTests  : Starting GamerknewApplicationTests using Java 1.8.0_361 on Makotos-MacBook-Air.local with PID 81003 (started by makoto.choel in /Users/makoto.choel/IdeaProjects/gamerknew)
2024-01-17 23:34:52.819  INFO 81003 --- [           main] c.s.gamerknew.GamerknewApplicationTests  : No active profile set, falling back to 1 default profile: "default"
2024-01-17 23:34:54.695  INFO 81003 --- [           main] .s.d.r.c.RepositoryConfigurationDelegate : Multiple Spring Data modules found, entering strict repository configuration mode
2024-01-17 23:34:54.701  INFO 81003 --- [           main] .s.d.r.c.RepositoryConfigurationDelegate : Bootstrapping Spring Data Redis repositories in DEFAULT mode.
2024-01-17 23:34:54.750  INFO 81003 --- [           main] .s.d.r.c.RepositoryConfigurationDelegate : Finished Spring Data repository scanning in 18 ms. Found 0 Redis repository interfaces.
Logging initialized using 'class org.apache.ibatis.logging.stdout.StdOutImpl' adapter.
Property 'mapperLocations' was not specified.
 _ _   |_  _ _|_. ___ _ |    _ 
| | |\/|_)(_| | |_\  |_)||_|_\ 
     /               |         
                        3.4.2 
[com.sei.gamerknew.mapper.GameMapper.delete] Has been loaded by XML or SqlProvider or Mybatis's Annotation, so ignoring this injection for [class com.baomidou.mybatisplus.core.injector.methods.Delete]
[com.sei.gamerknew.mapper.GameMapper.update] Has been loaded by XML or SqlProvider or Mybatis's Annotation, so ignoring this injection for [class com.baomidou.mybatisplus.core.injector.methods.Update]
[com.sei.gamerknew.mapper.MarkMapper.update] Has been loaded by XML or SqlProvider or Mybatis's Annotation, so ignoring this injection for [class com.baomidou.mybatisplus.core.injector.methods.Update]
[com.sei.gamerknew.mapper.UserMapper.update] Has been loaded by XML or SqlProvider or Mybatis's Annotation, so ignoring this injection for [class com.baomidou.mybatisplus.core.injector.methods.Update]
[com.sei.gamerknew.mapper.BioMapper.update] Has been loaded by XML or SqlProvider or Mybatis's Annotation, so ignoring this injection for [class com.baomidou.mybatisplus.core.injector.methods.Update]
2024-01-17 23:34:58.610  INFO 81003 --- [           main] pertySourcedRequestMappingHandlerMapping : Mapped URL path [/v2/api-docs] onto method [springfox.documentation.swagger2.web.Swagger2Controller#getDocumentation(String, HttpServletRequest)]
2024-01-17 23:34:59.286  INFO 81003 --- [           main] o.s.b.a.w.s.WelcomePageHandlerMapping    : Adding welcome page: class path resource [static/index.html]


,------.                           ,--.  ,--.         ,--.                         
|  .--. '  ,--,--.  ,---.   ,---.  |  '--'  |  ,---.  |  |  ,---.   ,---.  ,--.--. 
|  '--' | ' ,-.  | | .-. | | .-. : |  .--.  | | .-. : |  | | .-. | | .-. : |  .--' 
|  | --'  \ '-'  | ' '-' ' \   --. |  |  |  | \   --. |  | | '-' ' \   --. |  |    
`--'       `--`--' .`-  /   `----' `--'  `--'  `----' `--' |  |-'   `----' `--'    
                   `---'                                   `--'                        is intercepting.

2024-01-17 23:35:00.777  INFO 81003 --- [           main] d.s.w.p.DocumentationPluginsBootstrapper : Context refreshed
2024-01-17 23:35:00.822  INFO 81003 --- [           main] d.s.w.p.DocumentationPluginsBootstrapper : Found 1 custom documentation plugin(s)
2024-01-17 23:35:00.891  INFO 81003 --- [           main] s.d.s.w.s.ApiListingReferenceScanner     : Scanning for api listing references
2024-01-17 23:35:01.200  INFO 81003 --- [           main] .d.s.w.r.o.CachingOperationNameGenerator : Generating unique operation named: getNewsUsingGET_1
2024-01-17 23:35:01.311  INFO 81003 --- [           main] c.s.gamerknew.GamerknewApplicationTests  : Started GamerknewApplicationTests in 9.006 seconds (JVM running for 11.118)
]]></system-out>
  </testcase>
</testsuite>